2008-07-08 10:47:38 Debug: Notice (8): Undefined property: UsersController::$controller in [APP\app_controller.php, line 20]
2008-07-08 10:48:19 Debug: Notice (8): Undefined property: BackupsController::$controller in [APP\app_controller.php, line 20]
2008-07-08 10:48:24 Debug: Notice (8): Undefined property: BackupsController::$controller in [APP\app_controller.php, line 20]
2008-07-08 10:48:51 Debug: Notice (8): Undefined property: BackupsController::$controller in [APP\app_controller.php, line 20]
2008-07-08 10:48:52 Debug: Notice (8): Undefined property: BackupsController::$controller in [APP\app_controller.php, line 20]
2008-07-08 10:48:53 Debug: Notice (8): Undefined property: BackupsController::$controller in [APP\app_controller.php, line 20]
2008-07-08 10:48:53 Debug: Notice (8): Undefined property: BackupsController::$controller in [APP\app_controller.php, line 20]
2008-07-08 10:48:54 Debug: Notice (8): Undefined property: BackupsController::$controller in [APP\app_controller.php, line 20]
2008-07-08 10:48:54 Debug: Notice (8): Undefined property: BackupsController::$controller in [APP\app_controller.php, line 20]
2008-07-08 10:48:55 Debug: Notice (8): Undefined property: BackupsController::$controller in [APP\app_controller.php, line 20]
2008-07-08 10:48:56 Debug: Notice (8): Undefined property: BackupsController::$controller in [APP\app_controller.php, line 20]
2008-07-08 10:48:56 Debug: Notice (8): Undefined property: BackupsController::$controller in [APP\app_controller.php, line 20]
2008-07-08 10:48:57 Debug: Notice (8): Undefined property: BackupsController::$controller in [APP\app_controller.php, line 20]
2008-07-08 10:48:58 Debug: Notice (8): Undefined property: BackupsController::$controller in [APP\app_controller.php, line 20]
2008-07-08 10:48:58 Debug: Notice (8): Undefined property: BackupsController::$controller in [APP\app_controller.php, line 20]
2008-07-08 10:48:59 Debug: Notice (8): Undefined property: BackupsController::$controller in [APP\app_controller.php, line 20]
2008-07-08 10:48:59 Debug: Notice (8): Undefined property: BackupsController::$controller in [APP\app_controller.php, line 20]
2008-07-08 10:49:00 Debug: Notice (8): Undefined property: BackupsController::$controller in [APP\app_controller.php, line 20]
2008-07-08 10:49:01 Debug: Notice (8): Undefined property: BackupsController::$controller in [APP\app_controller.php, line 20]
2008-07-08 10:49:01 Debug: Notice (8): Undefined property: BackupsController::$controller in [APP\app_controller.php, line 20]
2008-07-08 10:49:02 Debug: Notice (8): Undefined property: BackupsController::$controller in [APP\app_controller.php, line 20]
2008-07-08 10:49:02 Debug: Notice (8): Undefined property: BackupsController::$controller in [APP\app_controller.php, line 20]
2008-07-08 10:49:03 Debug: Notice (8): Undefined property: BackupsController::$controller in [APP\app_controller.php, line 20]
2008-07-08 10:49:04 Debug: Notice (8): Undefined property: BackupsController::$controller in [APP\app_controller.php, line 20]
2008-07-08 10:49:47 Debug: Notice (8): Undefined property: BackupsController::$controller in [APP\app_controller.php, line 20]
2008-07-08 10:50:07 Debug: Notice (8): Undefined property: BackupsController::$controller in [APP\app_controller.php, line 20]
2008-07-08 10:50:23 Debug: Notice (8): Undefined property: BackupsController::$controller in [APP\app_controller.php, line 20]
2008-07-08 10:50:24 Debug: Notice (8): Undefined property: UsersController::$controller in [APP\app_controller.php, line 20]
2008-07-08 10:50:25 Debug: Notice (8): Undefined property: UsersController::$controller in [APP\app_controller.php, line 20]
2008-07-08 10:50:25 Debug: Notice (8): Undefined property: UsersController::$controller in [APP\app_controller.php, line 20]
2008-07-08 10:50:26 Debug: Notice (8): Undefined property: UsersController::$controller in [APP\app_controller.php, line 20]
2008-07-08 10:50:27 Debug: Notice (8): Undefined property: UsersController::$controller in [APP\app_controller.php, line 20]
2008-07-08 10:50:27 Debug: Notice (8): Undefined property: UsersController::$controller in [APP\app_controller.php, line 20]
2008-07-08 10:50:28 Debug: Notice (8): Undefined property: UsersController::$controller in [APP\app_controller.php, line 20]
2008-07-08 10:50:28 Debug: Notice (8): Undefined property: UsersController::$controller in [APP\app_controller.php, line 20]
2008-07-08 10:50:29 Debug: Notice (8): Undefined property: UsersController::$controller in [APP\app_controller.php, line 20]
2008-07-08 10:50:30 Debug: Notice (8): Undefined property: UsersController::$controller in [APP\app_controller.php, line 20]
2008-07-08 10:50:30 Debug: Notice (8): Undefined property: UsersController::$controller in [APP\app_controller.php, line 20]
2008-07-08 10:50:31 Debug: Notice (8): Undefined property: UsersController::$controller in [APP\app_controller.php, line 20]
2008-07-08 10:50:31 Debug: Notice (8): Undefined property: UsersController::$controller in [APP\app_controller.php, line 20]
2008-07-08 10:50:32 Debug: Notice (8): Undefined property: UsersController::$controller in [APP\app_controller.php, line 20]
2008-07-08 10:50:33 Debug: Notice (8): Undefined property: UsersController::$controller in [APP\app_controller.php, line 20]
2008-07-08 10:50:33 Debug: Notice (8): Undefined property: UsersController::$controller in [APP\app_controller.php, line 20]
2008-07-08 10:50:34 Debug: Notice (8): Undefined property: UsersController::$controller in [APP\app_controller.php, line 20]
2008-07-08 10:50:35 Debug: Notice (8): Undefined property: UsersController::$controller in [APP\app_controller.php, line 20]
2008-07-08 10:50:35 Debug: Notice (8): Undefined property: UsersController::$controller in [APP\app_controller.php, line 20]
2008-07-08 10:50:36 Debug: Notice (8): Undefined property: UsersController::$controller in [APP\app_controller.php, line 20]
2008-07-08 10:51:17 Debug: Notice (8): Undefined property: BackupsController::$controller in [APP\app_controller.php, line 20]
2008-07-08 11:23:16 Debug: Notice (8): Undefined variable: controller in [APP\views\layouts\default.ctp, line 16]
2008-07-08 12:17:23 Debug: Notice (8): Undefined property: View::$Session in [APP\app_controller.php, line 12]
2008-07-08 12:18:42 Debug: Notice (8): Undefined property: AppController::$Session in [APP\app_controller.php, line 12]
2008-07-08 12:19:54 Debug: Notice (8): Undefined property: View::$Controller in [APP\views\layouts\default.ctp, line 16]
2008-07-08 22:43:11 Debug: Notice (8): Undefined property: View::$Session in [APP\views\layouts\default.ctp, line 14]
2008-07-14 23:12:00 Debug: Notice (8): Undefined variable: javscript in [APP\views\layouts\default.ctp, line 8]
2008-07-22 21:28:59 Debug: Notice (8): Undefined index:  confirm_password in [APP\models\user.php, line 64]
2008-07-22 21:50:06 Debug: Notice (8): Undefined variable: compareWith in [APP\models\user.php, line 52]
2008-07-22 21:50:06 Debug: Notice (8): Undefined index:   in [APP\models\user.php, line 52]
2008-07-22 22:11:58 Debug: Notice (8): Undefined property: User::$Auth in [APP\models\user.php, line 52]
2008-07-22 22:12:22 Debug: Notice (8): Undefined index:  password in [APP\models\user.php, line 52]
2008-07-22 22:22:03 Debug: Notice (8): Undefined index:  password in [APP\controllers\users_controller.php, line 59]
2008-07-22 22:42:14 Debug: Notice (8): Undefined index:  password in [APP\controllers\users_controller.php, line 59]
2008-07-22 23:49:05 Debug: Notice (8): Undefined variable: js in [APP\views\layouts\default.ctp, line 8]
2008-07-22 23:49:22 Debug: Notice (8): Undefined variable: javascript in [APP\views\layouts\default.ctp, line 8]
2008-07-22 23:53:27 Debug: Notice (8): Undefined variable: javascript in [APP\controllers\users_controller.php, line 31]
2008-07-22 23:53:39 Debug: Notice (8): Undefined variable: javascript in [APP\controllers\users_controller.php, line 31]
2008-07-23 12:40:48 Debug: Notice (8): Undefined property: UsersController::$session in [APP\controllers\users_controller.php, line 30]
2008-07-23 12:41:01 Debug: Notice (8): Undefined variable: session in [APP\controllers\users_controller.php, line 30]
2008-07-23 12:41:53 Debug: Notice (8): Undefined property: View::$defaultUsername in [APP\views\users\login.ctp, line 6]
2008-07-23 12:42:13 Debug: Notice (8): Undefined property: View::$User in [APP\views\users\login.ctp, line 6]
2008-07-23 12:42:13 Debug: Notice (8): Trying to get property of non-object in [APP\views\users\login.ctp, line 6]
2008-07-23 12:42:57 Debug: Notice (8): Undefined property: View::$User in [APP\views\users\login.ctp, line 6]
2008-07-23 12:42:57 Debug: Notice (8): Trying to get property of non-object in [APP\views\users\login.ctp, line 6]
