2008-07-20 20:03:33 Warning: Warning (512): <span style = "color:Red;text-align:left"><b>SQL Error:</b> 2006: MySQL server has gone away</span> in [CORE\cake\libs\model\datasources\dbo_source.php, line 512]
2008-07-20 20:03:33 Warning: Warning (2): Cannot modify header information - headers already sent by (output started at F:\Apache\htdocs\Backup\cake\basics.php:262) in [CORE\cake\libs\controller\controller.php, line 577]
2008-07-20 21:24:32 Warning: Warning (512): <span style = "color:Red;text-align:left"><b>SQL Error:</b> 2006: MySQL server has gone away</span> in [CORE\cake\libs\model\datasources\dbo_source.php, line 512]
2008-07-20 21:24:32 Warning: Warning (2): Cannot modify header information - headers already sent by (output started at F:\Apache\htdocs\Backup\cake\basics.php:262) in [CORE\cake\libs\controller\controller.php, line 577]
2008-07-20 21:44:13 Warning: Warning (512): <span style = "color:Red;text-align:left"><b>SQL Error:</b> 2006: MySQL server has gone away</span> in [CORE\cake\libs\model\datasources\dbo_source.php, line 512]
2008-07-20 21:44:56 Warning: Warning (512): <span style = "color:Red;text-align:left"><b>SQL Error:</b> 2006: MySQL server has gone away</span> in [CORE\cake\libs\model\datasources\dbo_source.php, line 512]
2008-07-20 21:45:05 Warning: Warning (512): <span style = "color:Red;text-align:left"><b>SQL Error:</b> 2006: MySQL server has gone away</span> in [CORE\cake\libs\model\datasources\dbo_source.php, line 512]
2008-07-20 21:45:07 Warning: Warning (512): <span style = "color:Red;text-align:left"><b>SQL Error:</b> 2006: MySQL server has gone away</span> in [CORE\cake\libs\model\datasources\dbo_source.php, line 512]
2008-07-20 21:45:54 Warning: Warning (512): <span style = "color:Red;text-align:left"><b>SQL Error:</b> 2006: MySQL server has gone away</span> in [CORE\cake\libs\model\datasources\dbo_source.php, line 512]
2008-07-20 21:46:09 Warning: Warning (512): <span style = "color:Red;text-align:left"><b>SQL Error:</b> 2006: MySQL server has gone away</span> in [CORE\cake\libs\model\datasources\dbo_source.php, line 512]
2008-07-20 21:46:33 Warning: Warning (512): <span style = "color:Red;text-align:left"><b>SQL Error:</b> 2006: MySQL server has gone away</span> in [CORE\cake\libs\model\datasources\dbo_source.php, line 512]
2008-07-20 21:46:54 Warning: Warning (512): <span style = "color:Red;text-align:left"><b>SQL Error:</b> 2006: MySQL server has gone away</span> in [CORE\cake\libs\model\datasources\dbo_source.php, line 512]
2008-07-20 21:46:55 Warning: Warning (512): <span style = "color:Red;text-align:left"><b>SQL Error:</b> 2006: MySQL server has gone away</span> in [CORE\cake\libs\model\datasources\dbo_source.php, line 512]
2008-07-20 21:46:56 Warning: Warning (512): <span style = "color:Red;text-align:left"><b>SQL Error:</b> 2006: MySQL server has gone away</span> in [CORE\cake\libs\model\datasources\dbo_source.php, line 512]
2008-07-20 21:47:00 Warning: Warning (512): <span style = "color:Red;text-align:left"><b>SQL Error:</b> 2006: MySQL server has gone away</span> in [CORE\cake\libs\model\datasources\dbo_source.php, line 512]
2008-07-20 21:47:06 Warning: Warning (512): <span style = "color:Red;text-align:left"><b>SQL Error:</b> 2006: MySQL server has gone away</span> in [CORE\cake\libs\model\datasources\dbo_source.php, line 512]
2008-07-20 21:47:33 Warning: Warning (512): <span style = "color:Red;text-align:left"><b>SQL Error:</b> 2006: MySQL server has gone away</span> in [CORE\cake\libs\model\datasources\dbo_source.php, line 512]
2008-07-20 21:47:36 Warning: Warning (512): <span style = "color:Red;text-align:left"><b>SQL Error:</b> 2006: MySQL server has gone away</span> in [CORE\cake\libs\model\datasources\dbo_source.php, line 512]
2008-07-20 21:47:37 Warning: Warning (512): <span style = "color:Red;text-align:left"><b>SQL Error:</b> 2006: MySQL server has gone away</span> in [CORE\cake\libs\model\datasources\dbo_source.php, line 512]
2008-07-20 21:47:37 Warning: Warning (512): <span style = "color:Red;text-align:left"><b>SQL Error:</b> 2006: MySQL server has gone away</span> in [CORE\cake\libs\model\datasources\dbo_source.php, line 512]
2008-07-20 21:47:38 Warning: Warning (512): <span style = "color:Red;text-align:left"><b>SQL Error:</b> 2006: MySQL server has gone away</span> in [CORE\cake\libs\model\datasources\dbo_source.php, line 512]
2008-07-20 21:47:39 Warning: Warning (512): <span style = "color:Red;text-align:left"><b>SQL Error:</b> 2006: MySQL server has gone away</span> in [CORE\cake\libs\model\datasources\dbo_source.php, line 512]
2008-07-20 21:47:40 Warning: Warning (512): <span style = "color:Red;text-align:left"><b>SQL Error:</b> 2006: MySQL server has gone away</span> in [CORE\cake\libs\model\datasources\dbo_source.php, line 512]
2008-07-20 21:47:40 Warning: Warning (512): <span style = "color:Red;text-align:left"><b>SQL Error:</b> 2006: MySQL server has gone away</span> in [CORE\cake\libs\model\datasources\dbo_source.php, line 512]
2008-07-20 21:47:41 Warning: Warning (512): <span style = "color:Red;text-align:left"><b>SQL Error:</b> 2006: MySQL server has gone away</span> in [CORE\cake\libs\model\datasources\dbo_source.php, line 512]
2008-07-20 21:47:42 Warning: Warning (512): <span style = "color:Red;text-align:left"><b>SQL Error:</b> 2006: MySQL server has gone away</span> in [CORE\cake\libs\model\datasources\dbo_source.php, line 512]
2008-07-20 21:47:43 Warning: Warning (512): <span style = "color:Red;text-align:left"><b>SQL Error:</b> 2006: MySQL server has gone away</span> in [CORE\cake\libs\model\datasources\dbo_source.php, line 512]
2008-07-20 21:47:43 Warning: Warning (512): <span style = "color:Red;text-align:left"><b>SQL Error:</b> 2006: MySQL server has gone away</span> in [CORE\cake\libs\model\datasources\dbo_source.php, line 512]
2008-07-20 21:47:44 Warning: Warning (512): <span style = "color:Red;text-align:left"><b>SQL Error:</b> 2006: MySQL server has gone away</span> in [CORE\cake\libs\model\datasources\dbo_source.php, line 512]
2008-07-20 21:47:45 Warning: Warning (512): <span style = "color:Red;text-align:left"><b>SQL Error:</b> 2006: MySQL server has gone away</span> in [CORE\cake\libs\model\datasources\dbo_source.php, line 512]
2008-07-20 21:48:40 Warning: Warning (512): <span style = "color:Red;text-align:left"><b>SQL Error:</b> 2006: MySQL server has gone away</span> in [CORE\cake\libs\model\datasources\dbo_source.php, line 512]
2008-07-22 21:38:31 Warning: Warning (512): <span style = "color:Red;text-align:left"><b>SQL Error:</b> 1364: Field 'password' doesn't have a default value</span> in [CORE\cake\libs\model\datasources\dbo_source.php, line 512]
2008-07-22 21:52:04 Warning: Warning (512): <span style = "color:Red;text-align:left"><b>SQL Error:</b> 1364: Field 'password' doesn't have a default value</span> in [CORE\cake\libs\model\datasources\dbo_source.php, line 512]
2008-07-22 22:28:09 Warning: Warning (512): <span style = "color:Red;text-align:left"><b>SQL Error:</b> 1364: Field 'password' doesn't have a default value</span> in [CORE\cake\libs\model\datasources\dbo_source.php, line 512]
2008-07-22 22:41:14 Warning: Warning (512): <span style = "color:Red;text-align:left"><b>SQL Error:</b> 1364: Field 'password' doesn't have a default value</span> in [CORE\cake\libs\model\datasources\dbo_source.php, line 512]
2008-07-22 22:41:58 Warning: Warning (512): <span style = "color:Red;text-align:left"><b>SQL Error:</b> 1364: Field 'password' doesn't have a default value</span> in [CORE\cake\libs\model\datasources\dbo_source.php, line 512]
2008-07-22 22:42:06 Warning: Warning (512): <span style = "color:Red;text-align:left"><b>SQL Error:</b> 1364: Field 'password' doesn't have a default value</span> in [CORE\cake\libs\model\datasources\dbo_source.php, line 512]
2008-07-22 22:42:14 Warning: Warning (512): <span style = "color:Red;text-align:left"><b>SQL Error:</b> 1364: Field 'password' doesn't have a default value</span> in [CORE\cake\libs\model\datasources\dbo_source.php, line 512]
2008-07-22 22:42:58 Warning: Warning (512): <span style = "color:Red;text-align:left"><b>SQL Error:</b> 1364: Field 'password' doesn't have a default value</span> in [CORE\cake\libs\model\datasources\dbo_source.php, line 512]
2008-07-22 22:43:35 Warning: Warning (512): <span style = "color:Red;text-align:left"><b>SQL Error:</b> 1364: Field 'password' doesn't have a default value</span> in [CORE\cake\libs\model\datasources\dbo_source.php, line 512]
2008-07-22 22:43:49 Warning: Warning (512): <span style = "color:Red;text-align:left"><b>SQL Error:</b> 1364: Field 'password' doesn't have a default value</span> in [CORE\cake\libs\model\datasources\dbo_source.php, line 512]
2008-07-22 22:43:58 Warning: Warning (512): <span style = "color:Red;text-align:left"><b>SQL Error:</b> 1364: Field 'password' doesn't have a default value</span> in [CORE\cake\libs\model\datasources\dbo_source.php, line 512]
2008-07-22 22:44:14 Warning: Warning (512): <span style = "color:Red;text-align:left"><b>SQL Error:</b> 1364: Field 'password' doesn't have a default value</span> in [CORE\cake\libs\model\datasources\dbo_source.php, line 512]
2008-07-22 22:44:46 Warning: Warning (512): <span style = "color:Red;text-align:left"><b>SQL Error:</b> 1364: Field 'password' doesn't have a default value</span> in [CORE\cake\libs\model\datasources\dbo_source.php, line 512]
2008-07-22 22:45:40 Warning: Warning (512): <span style = "color:Red;text-align:left"><b>SQL Error:</b> 1364: Field 'password' doesn't have a default value</span> in [CORE\cake\libs\model\datasources\dbo_source.php, line 512]
2008-07-23 01:52:59 Warning: Warning (512): <span style = "color:Red;text-align:left"><b>SQL Error:</b> 1048: Column 'user_id' cannot be null</span> in [CORE\cake\libs\model\datasources\dbo_source.php, line 512]
2008-07-23 01:53:00 Warning: Warning (512): <span style = "color:Red;text-align:left"><b>SQL Error:</b> 1048: Column 'user_id' cannot be null</span> in [CORE\cake\libs\model\datasources\dbo_source.php, line 512]
2008-07-23 01:53:00 Warning: Warning (512): <span style = "color:Red;text-align:left"><b>SQL Error:</b> 1048: Column 'user_id' cannot be null</span> in [CORE\cake\libs\model\datasources\dbo_source.php, line 512]
2008-07-23 01:53:01 Warning: Warning (512): <span style = "color:Red;text-align:left"><b>SQL Error:</b> 1048: Column 'user_id' cannot be null</span> in [CORE\cake\libs\model\datasources\dbo_source.php, line 512]
2008-07-26 19:44:22 Warning: Warning (2): sqlite_query() expects parameter 1 to be resource, string given in [CORE\cake\libs\model\datasources\dbo\dbo_sqlite.php, line 137]
2008-07-26 19:44:23 Warning: Warning (2): sqlite_last_error() expects parameter 1 to be resource, boolean given in [CORE\cake\libs\model\datasources\dbo\dbo_sqlite.php, line 290]
2008-07-26 21:44:21 Warning: Warning (512): <span style = "color:Red;text-align:left"><b>SQL Error:</b> 1048: Column 'user_id' cannot be null</span> in [CORE\cake\libs\model\datasources\dbo_source.php, line 512]
2008-07-26 21:45:19 Warning: Warning (512): <span style = "color:Red;text-align:left"><b>SQL Error:</b> 1048: Column 'user_id' cannot be null</span> in [CORE\cake\libs\model\datasources\dbo_source.php, line 512]
2008-07-26 21:45:19 Warning: Warning (512): <span style = "color:Red;text-align:left"><b>SQL Error:</b> 1048: Column 'user_id' cannot be null</span> in [CORE\cake\libs\model\datasources\dbo_source.php, line 512]
2008-07-26 21:45:20 Warning: Warning (512): <span style = "color:Red;text-align:left"><b>SQL Error:</b> 1048: Column 'user_id' cannot be null</span> in [CORE\cake\libs\model\datasources\dbo_source.php, line 512]
2008-07-26 21:48:52 Warning: Warning (512): <span style = "color:Red;text-align:left"><b>SQL Error:</b> 1048: Column 'user_id' cannot be null</span> in [CORE\cake\libs\model\datasources\dbo_source.php, line 512]
2008-07-26 21:57:06 Warning: Warning (512): <span style = "color:Red;text-align:left"><b>SQL Error:</b> 1048: Column 'user_id' cannot be null</span> in [CORE\cake\libs\model\datasources\dbo_source.php, line 512]
2008-07-26 22:01:46 Warning: Warning (512): <span style = "color:Red;text-align:left"><b>SQL Error:</b> 1048: Column 'user_id' cannot be null</span> in [CORE\cake\libs\model\datasources\dbo_source.php, line 512]
2008-07-26 22:01:47 Warning: Warning (512): <span style = "color:Red;text-align:left"><b>SQL Error:</b> 1048: Column 'user_id' cannot be null</span> in [CORE\cake\libs\model\datasources\dbo_source.php, line 512]
2008-07-27 15:35:50 Warning: Warning (2): mysqli_connect() [<a href='http://php.net/function.mysqli-connect'>function.mysqli-connect</a>]: (HY000/2003): Can't connect to MySQL server on 'p50mysql199.secureserver.net' (10060) in [CORE\cake\libs\model\datasources\dbo\dbo_mysqli.php, line 112]
2008-07-27 15:35:50 Warning: Warning (2): mysqli_query() expects parameter 1 to be mysqli, boolean given in [CORE\cake\libs\model\datasources\dbo\dbo_mysqli.php, line 144]
2008-07-27 15:36:12 Warning: Warning (2): mysqli_connect() [<a href='http://php.net/function.mysqli-connect'>function.mysqli-connect</a>]: (HY000/2003): Can't connect to MySQL server on 'p50mysql199.secureserver.net' (10060) in [CORE\cake\libs\model\datasources\dbo\dbo_mysqli.php, line 112]
2008-07-27 15:36:12 Warning: Warning (2): mysqli_query() expects parameter 1 to be mysqli, boolean given in [CORE\cake\libs\model\datasources\dbo\dbo_mysqli.php, line 144]
2008-07-27 17:19:15 Warning: Warning (512): <span style = "color:Red;text-align:left"><b>SQL Error:</b> 1364: Field 'path' doesn't have a default value</span> in [CORE\cake\libs\model\datasources\dbo_source.php, line 512]
2008-07-27 17:19:39 Warning: Warning (512): <span style = "color:Red;text-align:left"><b>SQL Error:</b> 1364: Field 'path' doesn't have a default value</span> in [CORE\cake\libs\model\datasources\dbo_source.php, line 512]
2008-07-27 17:20:30 Warning: Warning (512): <span style = "color:Red;text-align:left"><b>SQL Error:</b> 1364: Field 'path' doesn't have a default value</span> in [CORE\cake\libs\model\datasources\dbo_source.php, line 512]
2008-07-27 17:25:09 Warning: Warning (512): <span style = "color:Red;text-align:left"><b>SQL Error:</b> 1364: Field 'path' doesn't have a default value</span> in [CORE\cake\libs\model\datasources\dbo_source.php, line 512]
2008-07-27 17:25:21 Warning: Warning (512): <span style = "color:Red;text-align:left"><b>SQL Error:</b> 1364: Field 'path' doesn't have a default value</span> in [CORE\cake\libs\model\datasources\dbo_source.php, line 512]
2008-07-27 17:25:22 Warning: Warning (512): <span style = "color:Red;text-align:left"><b>SQL Error:</b> 1364: Field 'path' doesn't have a default value</span> in [CORE\cake\libs\model\datasources\dbo_source.php, line 512]
2008-07-27 18:13:13 Warning: Warning (512): <span style = "color:Red;text-align:left"><b>SQL Error:</b> 1054: Unknown column 'fields' in 'where clause'</span> in [CORE\cake\libs\model\datasources\dbo_source.php, line 512]
2008-07-27 23:30:23 Warning: Warning (2): Missing argument 1 for BackupsController::xml(), called in F:\Apache\htdocs\Backup\cake\libs\object.php on line 114 and defined in [APP\controllers\backups_controller.php, line 66]
2008-07-27 23:33:31 Warning: Warning (2): Missing argument 1 for BackupsController::xml(), called in F:\Apache\htdocs\Backup\cake\libs\object.php on line 114 and defined in [APP\controllers\backups_controller.php, line 66]
2008-07-27 23:42:55 Warning: Warning (2): Missing argument 1 for BackupsController::xml(), called in F:\Apache\htdocs\Backup\cake\libs\object.php on line 114 and defined in [APP\controllers\backups_controller.php, line 66]
2008-07-28 10:18:58 Warning: Warning (512): <span style = "color:Red;text-align:left"><b>SQL Error:</b> 2006: MySQL server has gone away</span> in [CORE\cake\libs\model\datasources\dbo_source.php, line 512]
2008-07-28 10:23:52 Warning: Warning (512): <span style = "color:Red;text-align:left"><b>SQL Error:</b> 2006: MySQL server has gone away</span> in [CORE\cake\libs\model\datasources\dbo_source.php, line 512]
2008-07-28 10:29:48 Warning: Warning (512): <span style = "color:Red;text-align:left"><b>SQL Error:</b> 2006: MySQL server has gone away</span> in [CORE\cake\libs\model\datasources\dbo_source.php, line 512]
2008-10-11 16:38:12 Error: Could not create backup store for user with ID 1. Please check permissions.
2008-10-11 16:41:00 Warning: Warning (512): <span style = "color:Red;text-align:left"><b>SQL Error:</b> 1064: You have an error in your SQL syntax; check the manual that corresponds to your MySQL server version for the right syntax to use near 'userOwnsFile' at line 1</span> in [CORE/cake/libs/model/datasources/dbo_source.php, line 521]
2008-10-11 16:41:00 Warning: Warning (2): Cannot modify header information - headers already sent by (output started at /home/lee/public_html/backup/cake/basics.php:111) in [CORE/cake/libs/controller/controller.php, line 587]
2008-10-11 16:42:33 Warning: Warning (2): unlink(/home/lee/public_html/backup//backups/1/1013) [<a href='http://php.net/function.unlink'>function.unlink</a>]: No such file or directory in [APP/controllers/backups_controller.php, line 625]
2008-10-11 16:42:33 Warning: Warning (2): unlink(/home/lee/public_html/backup//backups/1/1014) [<a href='http://php.net/function.unlink'>function.unlink</a>]: No such file or directory in [APP/controllers/backups_controller.php, line 625]
2008-10-11 16:42:33 Warning: Warning (2): unlink(/home/lee/public_html/backup//backups/1/1012) [<a href='http://php.net/function.unlink'>function.unlink</a>]: No such file or directory in [APP/controllers/backups_controller.php, line 625]
2008-10-11 16:42:34 Warning: Warning (2): Cannot modify header information - headers already sent by (output started at /home/lee/public_html/backup/cake/basics.php:111) in [CORE/cake/libs/controller/controller.php, line 587]
